[INF]  User profile is available. Using 'C:\Users\dell\AppData\Local\ASP.NET\DataProtection-Keys' as key repository and Windows DPAPI to encrypt keys at rest. 
[INF]  Now listening on: https://localhost:7247 
[INF]  Now listening on: http://localhost:5247 
[INF]  Application started. Press Ctrl+C to shut down. 
[INF]  Hosting environment: Development 
[INF]  Content root path: C:\Users\dell\Desktop\RailWayCleanArchitecture\RailWayTractingSystem\RailWayWebAPI\ 
[INF]  Request starting HTTP/2 GET https://localhost:7247/swagger - - 
[INF]  Request finished HTTP/2 GET https://localhost:7247/swagger - - - 301 0 - 434.4121ms 
[INF]  Request starting HTTP/2 GET https://localhost:7247/swagger/index.html - - 
[INF]  Request finished HTTP/2 GET https://localhost:7247/swagger/index.html - - - 200 - text/html;charset=utf-8 267.9203ms 
[INF]  Request starting HTTP/2 GET https://localhost:7247/swagger/swagger-ui.css - - 
[INF]  Request starting HTTP/2 GET https://localhost:7247/swagger/swagger-ui-standalone-preset.js - - 
[INF]  Request starting HTTP/2 GET https://localhost:7247/_framework/aspnetcore-browser-refresh.js - - 
[INF]  Request starting HTTP/2 GET https://localhost:7247/swagger/swagger-ui-bundle.js - - 
[INF]  Request finished HTTP/2 GET https://localhost:7247/_framework/aspnetcore-browser-refresh.js - - - 200 11984 application/javascript;+charset=utf-8 133.3559ms 
[INF]  Sending file. Request path: '/swagger-ui-standalone-preset.js'. Physical path: 'N/A' 
[INF]  Sending file. Request path: '/swagger-ui.css'. Physical path: 'N/A' 
[INF]  Request finished HTTP/2 GET https://localhost:7247/swagger/swagger-ui.css - - - 200 143632 text/css 477.0167ms 
[INF]  Request finished HTTP/2 GET https://localhost:7247/swagger/swagger-ui-standalone-preset.js - - - 200 337162 application/javascript 461.9720ms 
[INF]  Sending file. Request path: '/swagger-ui-bundle.js'. Physical path: 'N/A' 
[INF]  Request finished HTTP/2 GET https://localhost:7247/swagger/swagger-ui-bundle.js - - - 200 1092889 application/javascript 732.0851ms 
[INF]  Request starting HTTP/2 GET https://localhost:7247/swagger/v1/swagger.json - - 
[INF]  Request starting HTTP/2 GET https://localhost:7247/swagger/favicon-32x32.png - - 
[INF]  Sending file. Request path: '/favicon-32x32.png'. Physical path: 'N/A' 
[INF]  Request finished HTTP/2 GET https://localhost:7247/swagger/favicon-32x32.png - - - 200 628 image/png 0.9550ms 
[INF]  Request finished HTTP/2 GET https://localhost:7247/swagger/v1/swagger.json - - - 200 - application/json;charset=utf-8 2755.5403ms 
[INF]  Request starting HTTP/2 POST https://localhost:7247/api/Staff/Login application/json 47 
[INF]  CORS policy execution successful. 
[INF]  Executing endpoint 'RailWayWebAPI.Controllers.StaffController.Login (RailWayWebAPI)' 
[INF]  Route matched with {action = "Login", controller = "Staff"}. Executing controller action with signature System.Threading.Tasks.Task`1[Microsoft.AspNetCore.Mvc.IActionResult] Login(RailWayAppLibrary.Queries.LoginStaff) on controller RailWayWebAPI.Controllers.StaffController (RailWayWebAPI). 
[INF]  User profile is available. Using 'C:\Users\dell\AppData\Local\ASP.NET\DataProtection-Keys' as key repository and Windows DPAPI to encrypt keys at rest. 
[INF]  Now listening on: https://localhost:7247 
[INF]  Now listening on: http://localhost:5247 
[INF]  Application started. Press Ctrl+C to shut down. 
[INF]  Hosting environment: Development 
[INF]  Content root path: C:\Users\dell\Desktop\RailWayCleanArchitecture\RailWayTractingSystem\RailWayWebAPI\ 
[INF]  Request starting HTTP/2 GET https://localhost:7247/swagger/index.html - - 
[INF]  Request finished HTTP/2 GET https://localhost:7247/swagger/index.html - - - 200 - text/html;charset=utf-8 181.4563ms 
[INF]  Request starting HTTP/2 GET https://localhost:7247/_framework/aspnetcore-browser-refresh.js - - 
[INF]  Request finished HTTP/2 GET https://localhost:7247/_framework/aspnetcore-browser-refresh.js - - - 200 11984 application/javascript;+charset=utf-8 5.5847ms 
[INF]  Request starting HTTP/2 GET https://localhost:7247/swagger/v1/swagger.json - - 
[INF]  Request finished HTTP/2 GET https://localhost:7247/swagger/v1/swagger.json - - - 200 - application/json;charset=utf-8 242.0166ms 
[INF]  Request starting HTTP/2 POST https://localhost:7247/api/Staff/Login application/json 47 
[INF]  CORS policy execution successful. 
[INF]  Executing endpoint 'RailWayWebAPI.Controllers.StaffController.Login (RailWayWebAPI)' 
[INF]  Route matched with {action = "Login", controller = "Staff"}. Executing controller action with signature System.Threading.Tasks.Task`1[Microsoft.AspNetCore.Mvc.IActionResult] Login(RailWayAppLibrary.Queries.LoginStaff) on controller RailWayWebAPI.Controllers.StaffController (RailWayWebAPI). 
[INF]  User profile is available. Using 'C:\Users\dell\AppData\Local\ASP.NET\DataProtection-Keys' as key repository and Windows DPAPI to encrypt keys at rest. 
[INF]  Now listening on: https://localhost:7247 
[INF]  Now listening on: http://localhost:5247 
[INF]  Application started. Press Ctrl+C to shut down. 
[INF]  Hosting environment: Development 
[INF]  Content root path: C:\Users\dell\Desktop\RailWayCleanArchitecture\RailWayTractingSystem\RailWayWebAPI\ 
[INF]  Request starting HTTP/2 GET https://localhost:7247/swagger/index.html - - 
[INF]  Request finished HTTP/2 GET https://localhost:7247/swagger/index.html - - - 200 - text/html;charset=utf-8 189.8549ms 
[INF]  Request starting HTTP/2 GET https://localhost:7247/_framework/aspnetcore-browser-refresh.js - - 
[INF]  Request finished HTTP/2 GET https://localhost:7247/_framework/aspnetcore-browser-refresh.js - - - 200 11984 application/javascript;+charset=utf-8 5.2386ms 
[INF]  Request starting HTTP/2 GET https://localhost:7247/swagger/v1/swagger.json - - 
[INF]  Request finished HTTP/2 GET https://localhost:7247/swagger/v1/swagger.json - - - 200 - application/json;charset=utf-8 257.5484ms 
[INF]  Request starting HTTP/2 POST https://localhost:7247/api/Staff/Login application/json 47 
[INF]  CORS policy execution successful. 
[INF]  Executing endpoint 'RailWayWebAPI.Controllers.StaffController.Login (RailWayWebAPI)' 
[INF]  Route matched with {action = "Login", controller = "Staff"}. Executing controller action with signature System.Threading.Tasks.Task`1[Microsoft.AspNetCore.Mvc.IActionResult] Login(RailWayAppLibrary.Queries.LoginStaff) on controller RailWayWebAPI.Controllers.StaffController (RailWayWebAPI). 
[WRN]  No store type was specified for the decimal property 'Amount' on entity type 'Payment'. This will cause values to be silently truncated if they do not fit in the default precision and scale. Explicitly specify the SQL server column type that can accommodate all the values in 'OnModelCreating' using 'HasColumnType', specify precision and scale using 'HasPrecision', or configure a value converter using 'HasConversion'. 
[WRN]  No store type was specified for the decimal property 'Amount' on entity type 'Station'. This will cause values to be silently truncated if they do not fit in the default precision and scale. Explicitly specify the SQL server column type that can accommodate all the values in 'OnModelCreating' using 'HasColumnType', specify precision and scale using 'HasPrecision', or configure a value converter using 'HasConversion'. 
[INF]  Entity Framework Core 6.0.5 initialized 'RailWayDbContext' using provider 'Microsoft.EntityFrameworkCore.SqlServer:6.0.5' with options: None 
[INF]  Executed DbCommand (655ms) [Parameters=[@__email_0='?' (Size = 450)], CommandType='"Text"', CommandTimeout='30']
SELECT TOP(1) [s].[Id], [s].[Address], [s].[CreatedDate], [s].[Email], [s].[Gender], [s].[IsLock], [s].[LastLogin], [s].[LastModifiedDate], [s].[NTry], [s].[Name], [s].[PasswordHash], [s].[PasswordSalt], [s].[PhoneNo], [s].[Role], [s].[StaffId]
FROM [Staffs] AS [s]
WHERE [s].[Email] = @__email_0 
[INF]  Executing OkObjectResult, writing value of type 'System.String'. 
[INF]  Executed action RailWayWebAPI.Controllers.StaffController.Login (RailWayWebAPI) in 10820.9136ms 
[INF]  Executed endpoint 'RailWayWebAPI.Controllers.StaffController.Login (RailWayWebAPI)' 
[INF]  Request finished HTTP/2 POST https://localhost:7247/api/Staff/Login application/json 47 - 200 - text/plain;+charset=utf-8 11006.9032ms 
[INF]  User profile is available. Using 'C:\Users\dell\AppData\Local\ASP.NET\DataProtection-Keys' as key repository and Windows DPAPI to encrypt keys at rest. 
[INF]  Now listening on: https://localhost:7247 
[INF]  Now listening on: http://localhost:5247 
[INF]  Application started. Press Ctrl+C to shut down. 
[INF]  Hosting environment: Development 
[INF]  Content root path: C:\Users\dell\Desktop\RailWayCleanArchitecture\RailWayTractingSystem\RailWayWebAPI\ 
[INF]  Request starting HTTP/2 GET https://localhost:7247/swagger/index.html - - 
[INF]  Request finished HTTP/2 GET https://localhost:7247/swagger/index.html - - - 200 - text/html;charset=utf-8 4777.9386ms 
[INF]  Request starting HTTP/2 GET https://localhost:7247/_framework/aspnetcore-browser-refresh.js - - 
[INF]  Request finished HTTP/2 GET https://localhost:7247/_framework/aspnetcore-browser-refresh.js - - - 200 11984 application/javascript;+charset=utf-8 494.7692ms 
[INF]  Request starting HTTP/2 GET https://localhost:7247/swagger/v1/swagger.json - - 
[INF]  Request finished HTTP/2 GET https://localhost:7247/swagger/v1/swagger.json - - - 200 - application/json;charset=utf-8 3602.7129ms 
[INF]  Request starting HTTP/2 POST https://localhost:7247/api/Staff/Login application/json 47 
[INF]  CORS policy execution successful. 
[INF]  Executing endpoint 'RailWayWebAPI.Controllers.StaffController.Login (RailWayWebAPI)' 
[INF]  Route matched with {action = "Login", controller = "Staff"}. Executing controller action with signature System.Threading.Tasks.Task`1[Microsoft.AspNetCore.Mvc.IActionResult] Login(RailWayAppLibrary.Queries.LoginStaff) on controller RailWayWebAPI.Controllers.StaffController (RailWayWebAPI). 
[INF]  Executed action RailWayWebAPI.Controllers.StaffController.Login (RailWayWebAPI) in 124.0461ms 
[INF]  Executed endpoint 'RailWayWebAPI.Controllers.StaffController.Login (RailWayWebAPI)' 
[ERR]  Something went wrong System.InvalidOperationException: Unable to resolve service for type 'RailWayApp.Utility.IRefreshTokenGeneraror' while attempting to activate 'RailWayWebAPI.Controllers.StaffController'.
   at Microsoft.Extensions.DependencyInjection.ActivatorUtilities.GetService(IServiceProvider sp, Type type, Type requiredBy, Boolean isDefaultParameterRequired)
   at lambda_method10(Closure , IServiceProvider , Object[] )
   at Microsoft.AspNetCore.Mvc.Controllers.ControllerActivatorProvider.<>c__DisplayClass7_0.<CreateActivator>b__0(ControllerContext controllerContext)
   at Microsoft.AspNetCore.Mvc.Controllers.ControllerFactoryProvider.<>c__DisplayClass6_0.<CreateControllerFactory>g__CreateController|0(ControllerContext controllerContext)
   at Microsoft.AspNetCore.Mvc.Infrastructure.ControllerActionInvoker.Next(State& next, Scope& scope, Object& state, Boolean& isCompleted)
   at Microsoft.AspNetCore.Mvc.Infrastructure.ControllerActionInvoker.InvokeInnerFilterAsync()
--- End of stack trace from previous location ---
   at Microsoft.AspNetCore.Mvc.Infrastructure.ResourceInvoker.<InvokeFilterPipelineAsync>g__Awaited|20_0(ResourceInvoker invoker, Task lastTask, State next, Scope scope, Object state, Boolean isCompleted)
   at Microsoft.AspNetCore.Mvc.Infrastructure.ResourceInvoker.<InvokeAsync>g__Logged|17_1(ResourceInvoker invoker)
   at Microsoft.AspNetCore.Mvc.Infrastructure.ResourceInvoker.<InvokeAsync>g__Logged|17_1(ResourceInvoker invoker)
   at Microsoft.AspNetCore.Routing.EndpointMiddleware.<Invoke>g__AwaitRequestTask|6_0(Endpoint endpoint, Task requestTask, ILogger logger)
   at Microsoft.AspNetCore.Authorization.AuthorizationMiddleware.Invoke(HttpContext context)
   at Microsoft.AspNetCore.Authentication.AuthenticationMiddleware.Invoke(HttpContext context)
   at RailWayWebAPI.CustomMiddleware.ExceptionHandlerMiddleware.InvokeAsync(HttpContext context) in C:\Users\dell\Desktop\RailWayCleanArchitecture\RailWayTractingSystem\RailWayWebAPI\CustomMiddleware\ExceptionHandlerMiddleware.cs:line 20 
[INF]  Request finished HTTP/2 POST https://localhost:7247/api/Staff/Login application/json 47 - 500 - - 8321.9129ms 
[WRN]  No store type was specified for the decimal property 'Amount' on entity type 'Payment'. This will cause values to be silently truncated if they do not fit in the default precision and scale. Explicitly specify the SQL server column type that can accommodate all the values in 'OnModelCreating' using 'HasColumnType', specify precision and scale using 'HasPrecision', or configure a value converter using 'HasConversion'. 
[WRN]  No store type was specified for the decimal property 'Amount' on entity type 'Station'. This will cause values to be silently truncated if they do not fit in the default precision and scale. Explicitly specify the SQL server column type that can accommodate all the values in 'OnModelCreating' using 'HasColumnType', specify precision and scale using 'HasPrecision', or configure a value converter using 'HasConversion'. 
[INF]  Entity Framework Core 6.0.5 initialized 'RailWayDbContext' using provider 'Microsoft.EntityFrameworkCore.SqlServer:6.0.5' with options: None 
[WRN]  No store type was specified for the decimal property 'Amount' on entity type 'Payment'. This will cause values to be silently truncated if they do not fit in the default precision and scale. Explicitly specify the SQL server column type that can accommodate all the values in 'OnModelCreating' using 'HasColumnType', specify precision and scale using 'HasPrecision', or configure a value converter using 'HasConversion'. 
[WRN]  No store type was specified for the decimal property 'Amount' on entity type 'Station'. This will cause values to be silently truncated if they do not fit in the default precision and scale. Explicitly specify the SQL server column type that can accommodate all the values in 'OnModelCreating' using 'HasColumnType', specify precision and scale using 'HasPrecision', or configure a value converter using 'HasConversion'. 
[INF]  Entity Framework Core 6.0.5 initialized 'RailWayDbContext' using provider 'Microsoft.EntityFrameworkCore.SqlServer:6.0.5' with options: None 
[WRN]  No store type was specified for the decimal property 'Amount' on entity type 'Payment'. This will cause values to be silently truncated if they do not fit in the default precision and scale. Explicitly specify the SQL server column type that can accommodate all the values in 'OnModelCreating' using 'HasColumnType', specify precision and scale using 'HasPrecision', or configure a value converter using 'HasConversion'. 
[WRN]  No store type was specified for the decimal property 'Amount' on entity type 'Station'. This will cause values to be silently truncated if they do not fit in the default precision and scale. Explicitly specify the SQL server column type that can accommodate all the values in 'OnModelCreating' using 'HasColumnType', specify precision and scale using 'HasPrecision', or configure a value converter using 'HasConversion'. 
[WRN]  No store type was specified for the decimal property 'Amount' on entity type 'Payment'. This will cause values to be silently truncated if they do not fit in the default precision and scale. Explicitly specify the SQL server column type that can accommodate all the values in 'OnModelCreating' using 'HasColumnType', specify precision and scale using 'HasPrecision', or configure a value converter using 'HasConversion'. 
[WRN]  No store type was specified for the decimal property 'Amount' on entity type 'Station'. This will cause values to be silently truncated if they do not fit in the default precision and scale. Explicitly specify the SQL server column type that can accommodate all the values in 'OnModelCreating' using 'HasColumnType', specify precision and scale using 'HasPrecision', or configure a value converter using 'HasConversion'. 
[INF]  Entity Framework Core 6.0.5 initialized 'RailWayDbContext' using provider 'Microsoft.EntityFrameworkCore.SqlServer:6.0.5' with options: None 
[INF]  Executed DbCommand (92ms) [Parameters=[], CommandType='"Text"', CommandTimeout='30']
SELECT 1 
[INF]  Executed DbCommand (255ms) [Parameters=[], CommandType='"Text"', CommandTimeout='30']
SELECT OBJECT_ID(N'[__EFMigrationsHistory]'); 
[INF]  Executed DbCommand (2ms) [Parameters=[], CommandType='"Text"', CommandTimeout='30']
SELECT 1 
[INF]  Executed DbCommand (1ms) [Parameters=[], CommandType='"Text"', CommandTimeout='30']
SELECT OBJECT_ID(N'[__EFMigrationsHistory]'); 
[INF]  Executed DbCommand (633ms) [Parameters=[], CommandType='"Text"', CommandTimeout='30']
SELECT [MigrationId], [ProductVersion]
FROM [__EFMigrationsHistory]
ORDER BY [MigrationId]; 
[INF]  Applying migration '20220712163554_RefreshTokenMigration'. 
[INF]  Executed DbCommand (4,236ms) [Parameters=[], CommandType='"Text"', CommandTimeout='30']
DECLARE @var0 sysname;
SELECT @var0 = [d].[name]
FROM [sys].[default_constraints] [d]
INNER JOIN [sys].[columns] [c] ON [d].[parent_column_id] = [c].[column_id] AND [d].[parent_object_id] = [c].[object_id]
WHERE ([d].[parent_object_id] = OBJECT_ID(N'[Staffs]') AND [c].[name] = N'PhoneNo');
IF @var0 IS NOT NULL EXEC(N'ALTER TABLE [Staffs] DROP CONSTRAINT [' + @var0 + '];');
ALTER TABLE [Staffs] ALTER COLUMN [PhoneNo] nvarchar(450) NOT NULL; 
[INF]  Executed DbCommand (369ms) [Parameters=[], CommandType='"Text"', CommandTimeout='30']
DECLARE @var1 sysname;
SELECT @var1 = [d].[name]
FROM [sys].[default_constraints] [d]
INNER JOIN [sys].[columns] [c] ON [d].[parent_column_id] = [c].[column_id] AND [d].[parent_object_id] = [c].[object_id]
WHERE ([d].[parent_object_id] = OBJECT_ID(N'[Staffs]') AND [c].[name] = N'Email');
IF @var1 IS NOT NULL EXEC(N'ALTER TABLE [Staffs] DROP CONSTRAINT [' + @var1 + '];');
ALTER TABLE [Staffs] ALTER COLUMN [Email] nvarchar(450) NOT NULL; 
[INF]  Executed DbCommand (189ms) [Parameters=[], CommandType='"Text"', CommandTimeout='30']
ALTER TABLE [Staffs] ADD [RefreshToken] nvarchar(max) NULL; 
[INF]  Executed DbCommand (511ms) [Parameters=[], CommandType='"Text"', CommandTimeout='30']
ALTER TABLE [Staffs] ADD [TokenCreated] datetime2 NOT NULL DEFAULT '0001-01-01T00:00:00.0000000'; 
[INF]  Executed DbCommand (50ms) [Parameters=[], CommandType='"Text"', CommandTimeout='30']
ALTER TABLE [Staffs] ADD [TokenExpires] datetime2 NOT NULL DEFAULT '0001-01-01T00:00:00.0000000'; 
[INF]  Executed DbCommand (397ms) [Parameters=[], CommandType='"Text"', CommandTimeout='30']
DECLARE @var2 sysname;
SELECT @var2 = [d].[name]
FROM [sys].[default_constraints] [d]
INNER JOIN [sys].[columns] [c] ON [d].[parent_column_id] = [c].[column_id] AND [d].[parent_object_id] = [c].[object_id]
WHERE ([d].[parent_object_id] = OBJECT_ID(N'[Passengers]') AND [c].[name] = N'PhoneNo');
IF @var2 IS NOT NULL EXEC(N'ALTER TABLE [Passengers] DROP CONSTRAINT [' + @var2 + '];');
ALTER TABLE [Passengers] ALTER COLUMN [PhoneNo] nvarchar(450) NOT NULL; 
[INF]  Executed DbCommand (71ms) [Parameters=[], CommandType='"Text"', CommandTimeout='30']
DECLARE @var3 sysname;
SELECT @var3 = [d].[name]
FROM [sys].[default_constraints] [d]
INNER JOIN [sys].[columns] [c] ON [d].[parent_column_id] = [c].[column_id] AND [d].[parent_object_id] = [c].[object_id]
WHERE ([d].[parent_object_id] = OBJECT_ID(N'[Passengers]') AND [c].[name] = N'Email');
IF @var3 IS NOT NULL EXEC(N'ALTER TABLE [Passengers] DROP CONSTRAINT [' + @var3 + '];');
ALTER TABLE [Passengers] ALTER COLUMN [Email] nvarchar(450) NOT NULL; 
[INF]  Executed DbCommand (36ms) [Parameters=[], CommandType='"Text"', CommandTimeout='30']
ALTER TABLE [Passengers] ADD [RefreshToken] nvarchar(max) NULL; 
[INF]  Executed DbCommand (20ms) [Parameters=[], CommandType='"Text"', CommandTimeout='30']
ALTER TABLE [Passengers] ADD [TokenCreated] datetime2 NOT NULL DEFAULT '0001-01-01T00:00:00.0000000'; 
[INF]  Executed DbCommand (56ms) [Parameters=[], CommandType='"Text"', CommandTimeout='30']
ALTER TABLE [Passengers] ADD [TokenExpires] datetime2 NOT NULL DEFAULT '0001-01-01T00:00:00.0000000'; 
[INF]  Executed DbCommand (882ms) [Parameters=[], CommandType='"Text"', CommandTimeout='30']
CREATE UNIQUE INDEX [IX_Staffs_Email] ON [Staffs] ([Email]); 
[ERR]  Failed executing DbCommand (1,004ms) [Parameters=[], CommandType='"Text"', CommandTimeout='30']
CREATE UNIQUE INDEX [IX_Staffs_PhoneNo] ON [Staffs] ([PhoneNo]); 
[INF]  Entity Framework Core 6.0.5 initialized 'RailWayDbContext' using provider 'Microsoft.EntityFrameworkCore.Sqlite:6.0.5' with options: None 
[INF]  Entity Framework Core 6.0.5 initialized 'RailWayDbContext' using provider 'Microsoft.EntityFrameworkCore.Sqlite:6.0.5' with options: None 
[INF]  Entity Framework Core 6.0.5 initialized 'RailWayDbContext' using provider 'Microsoft.EntityFrameworkCore.Sqlite:6.0.5' with options: None 
[INF]  Entity Framework Core 6.0.5 initialized 'RailWayDbContext' using provider 'Microsoft.EntityFrameworkCore.Sqlite:6.0.5' with options: None 
[INF]  Entity Framework Core 6.0.5 initialized 'RailWayDbContext' using provider 'Microsoft.EntityFrameworkCore.Sqlite:6.0.5' with options: None 
[INF]  Entity Framework Core 6.0.5 initialized 'RailWayDbContext' using provider 'Microsoft.EntityFrameworkCore.Sqlite:6.0.5' with options: None 
