[INF]  User profile is available. Using 'C:\Users\dell\AppData\Local\ASP.NET\DataProtection-Keys' as key repository and Windows DPAPI to encrypt keys at rest. 
[INF]  Now listening on: https://localhost:7247 
[INF]  Now listening on: http://localhost:5247 
[INF]  Application started. Press Ctrl+C to shut down. 
[INF]  Hosting environment: Development 
[INF]  Content root path: C:\Users\dell\Desktop\RailWayCleanArchitecture\RailWayTractingSystem\RailWayWebAPI\ 
[INF]  Request starting HTTP/2 GET https://localhost:7247/swagger/index.html - - 
[INF]  Request starting HTTP/2 GET https://localhost:7247/_framework/aspnetcore-browser-refresh.js - - 
[INF]  Request finished HTTP/2 GET https://localhost:7247/swagger/index.html - - - 200 - text/html;charset=utf-8 8197.5260ms 
[INF]  Request finished HTTP/2 GET https://localhost:7247/_framework/aspnetcore-browser-refresh.js - - - 200 11984 application/javascript;+charset=utf-8 6.8614ms 
[INF]  Request starting HTTP/2 GET https://localhost:7247/swagger/v1/swagger.json - - 
[INF]  Request finished HTTP/2 GET https://localhost:7247/swagger/v1/swagger.json - - - 200 - application/json;charset=utf-8 323.3620ms 
[INF]  Request starting HTTP/2 GET https://localhost:7247/swagger/favicon-32x32.png - - 
[INF]  Sending file. Request path: '/favicon-32x32.png'. Physical path: 'N/A' 
[INF]  Request finished HTTP/2 GET https://localhost:7247/swagger/favicon-32x32.png - - - 200 628 image/png 174.6056ms 
[INF]  Request starting HTTP/1.1 GET https://localhost:7247/api/Staff/login application/json 73 
[INF]  Bearer was not authenticated. Failure message: No SecurityTokenValidator available for token. 
[INF]  Executing endpoint '405 HTTP Method Not Supported' 
[INF]  Executed endpoint '405 HTTP Method Not Supported' 
[INF]  Request finished HTTP/1.1 GET https://localhost:7247/api/Staff/login application/json 73 - 405 0 - 2495.6969ms 
[INF]  Request starting HTTP/1.1 GET https://localhost:7247/api/Staff/login application/json 73 
[INF]  Bearer was not authenticated. Failure message: No SecurityTokenValidator available for token. 
[INF]  Executing endpoint '405 HTTP Method Not Supported' 
[INF]  Executed endpoint '405 HTTP Method Not Supported' 
[INF]  Request finished HTTP/1.1 GET https://localhost:7247/api/Staff/login application/json 73 - 405 0 - 5.2463ms 
[INF]  User profile is available. Using 'C:\Users\dell\AppData\Local\ASP.NET\DataProtection-Keys' as key repository and Windows DPAPI to encrypt keys at rest. 
[INF]  Now listening on: https://localhost:7247 
[INF]  Now listening on: http://localhost:5247 
[INF]  Application started. Press Ctrl+C to shut down. 
[INF]  Hosting environment: Development 
[INF]  Content root path: C:\Users\dell\Desktop\RailWayCleanArchitecture\RailWayTractingSystem\RailWayWebAPI\ 
[INF]  Request starting HTTP/2 GET https://localhost:7247/swagger/index.html - - 
[INF]  Request finished HTTP/2 GET https://localhost:7247/swagger/index.html - - - 200 - text/html;charset=utf-8 553.1502ms 
[INF]  Request starting HTTP/2 GET https://localhost:7247/_framework/aspnetcore-browser-refresh.js - - 
[INF]  Request finished HTTP/2 GET https://localhost:7247/_framework/aspnetcore-browser-refresh.js - - - 200 11984 application/javascript;+charset=utf-8 50.6050ms 
[INF]  Request starting HTTP/2 GET https://localhost:7247/swagger/v1/swagger.json - - 
[INF]  Request finished HTTP/2 GET https://localhost:7247/swagger/v1/swagger.json - - - 200 - application/json;charset=utf-8 357.9791ms 
[INF]  Request starting HTTP/1.1 POST https://localhost:7247/api/Staff/login application/json 73 
[INF]  Bearer was not authenticated. Failure message: No SecurityTokenValidator available for token. 
[INF]  Executing endpoint 'RailWayWebAPI.Controllers.StaffController.Login (RailWayWebAPI)' 
[INF]  Route matched with {action = "Login", controller = "Staff"}. Executing controller action with signature System.Threading.Tasks.Task`1[Microsoft.AspNetCore.Mvc.IActionResult] Login(RailWayAppLibrary.Queries.LoginStaff) on controller RailWayWebAPI.Controllers.StaffController (RailWayWebAPI). 
[WRN]  No store type was specified for the decimal property 'Amount' on entity type 'Payment'. This will cause values to be silently truncated if they do not fit in the default precision and scale. Explicitly specify the SQL server column type that can accommodate all the values in 'OnModelCreating' using 'HasColumnType', specify precision and scale using 'HasPrecision', or configure a value converter using 'HasConversion'. 
[WRN]  No store type was specified for the decimal property 'Amount' on entity type 'Station'. This will cause values to be silently truncated if they do not fit in the default precision and scale. Explicitly specify the SQL server column type that can accommodate all the values in 'OnModelCreating' using 'HasColumnType', specify precision and scale using 'HasPrecision', or configure a value converter using 'HasConversion'. 
[INF]  Entity Framework Core 6.0.5 initialized 'RailWayDbContext' using provider 'Microsoft.EntityFrameworkCore.SqlServer:6.0.5' with options: None 
[INF]  Executed DbCommand (688ms) [Parameters=[@__email_0='?' (Size = 4000)], CommandType='"Text"', CommandTimeout='30']
SELECT TOP(1) [s].[Id], [s].[Address], [s].[CreatedDate], [s].[Email], [s].[Gender], [s].[IsLock], [s].[LastLogin], [s].[LastModifiedDate], [s].[NTry], [s].[Name], [s].[PasswordHash], [s].[PasswordSalt], [s].[PhoneNo], [s].[Role], [s].[StaffId]
FROM [Staffs] AS [s]
WHERE [s].[Email] = @__email_0 
[INF]  Executing OkObjectResult, writing value of type 'System.String'. 
[INF]  Executed action RailWayWebAPI.Controllers.StaffController.Login (RailWayWebAPI) in 13378.6812ms 
[INF]  Executed endpoint 'RailWayWebAPI.Controllers.StaffController.Login (RailWayWebAPI)' 
[INF]  Request finished HTTP/1.1 POST https://localhost:7247/api/Staff/login application/json 73 - 200 - text/plain;+charset=utf-8 13778.9092ms 
[INF]  Request starting HTTP/1.1 POST https://localhost:7247/api/Staff/login application/json 73 
[INF]  Bearer was not authenticated. Failure message: No SecurityTokenValidator available for token. 
[INF]  Executing endpoint 'RailWayWebAPI.Controllers.StaffController.Login (RailWayWebAPI)' 
[INF]  Route matched with {action = "Login", controller = "Staff"}. Executing controller action with signature System.Threading.Tasks.Task`1[Microsoft.AspNetCore.Mvc.IActionResult] Login(RailWayAppLibrary.Queries.LoginStaff) on controller RailWayWebAPI.Controllers.StaffController (RailWayWebAPI). 
[INF]  Entity Framework Core 6.0.5 initialized 'RailWayDbContext' using provider 'Microsoft.EntityFrameworkCore.SqlServer:6.0.5' with options: None 
[INF]  Executed DbCommand (107ms) [Parameters=[@__email_0='?' (Size = 4000)], CommandType='"Text"', CommandTimeout='30']
SELECT TOP(1) [s].[Id], [s].[Address], [s].[CreatedDate], [s].[Email], [s].[Gender], [s].[IsLock], [s].[LastLogin], [s].[LastModifiedDate], [s].[NTry], [s].[Name], [s].[PasswordHash], [s].[PasswordSalt], [s].[PhoneNo], [s].[Role], [s].[StaffId]
FROM [Staffs] AS [s]
WHERE [s].[Email] = @__email_0 
[INF]  Executing OkObjectResult, writing value of type 'System.String'. 
[INF]  Executed action RailWayWebAPI.Controllers.StaffController.Login (RailWayWebAPI) in 180.326ms 
[INF]  Executed endpoint 'RailWayWebAPI.Controllers.StaffController.Login (RailWayWebAPI)' 
[INF]  Request finished HTTP/1.1 POST https://localhost:7247/api/Staff/login application/json 73 - 200 - text/plain;+charset=utf-8 187.1138ms 
[INF]  Request starting HTTP/1.1 GET https://localhost:7247/api/Staff application/json 73 
[INF]  Bearer was not authenticated. Failure message: No SecurityTokenValidator available for token. 
[INF]  Authorization failed. These requirements were not met:
DenyAnonymousAuthorizationRequirement: Requires an authenticated user.
RolesAuthorizationRequirement:User.IsInRole must be true for one of the following roles: (Admin) 
[INF]  AuthenticationScheme: Bearer was challenged. 
[INF]  Request finished HTTP/1.1 GET https://localhost:7247/api/Staff application/json 73 - 401 0 - 66.7797ms 
[INF]  Request starting HTTP/1.1 GET https://localhost:7247/api/Staff application/json 73 
[INF]  Executing endpoint 'RailWayWebAPI.Controllers.StaffController.GetAllStaff (RailWayWebAPI)' 
[INF]  Route matched with {action = "GetAllStaff", controller = "Staff"}. Executing controller action with signature System.Threading.Tasks.Task`1[Microsoft.AspNetCore.Mvc.IActionResult] GetAllStaff() on controller RailWayWebAPI.Controllers.StaffController (RailWayWebAPI). 
[INF]  Entity Framework Core 6.0.5 initialized 'RailWayDbContext' using provider 'Microsoft.EntityFrameworkCore.SqlServer:6.0.5' with options: None 
[INF]  Executed DbCommand (248ms) [Parameters=[], CommandType='"Text"', CommandTimeout='30']
SELECT [s].[Id], [s].[Address], [s].[CreatedDate], [s].[Email], [s].[Gender], [s].[IsLock], [s].[LastLogin], [s].[LastModifiedDate], [s].[NTry], [s].[Name], [s].[PasswordHash], [s].[PasswordSalt], [s].[PhoneNo], [s].[Role], [s].[StaffId]
FROM [Staffs] AS [s] 
[INF]  Executing OkObjectResult, writing value of type 'System.Collections.Generic.List`1[[RailWayAppLibrary.Response.StaffResponse, RailWayAppLibrary, Version=1.0.0.0, Culture=neutral, PublicKeyToken=null]]'. 
[INF]  Executed action RailWayWebAPI.Controllers.StaffController.GetAllStaff (RailWayWebAPI) in 558.3705ms 
[INF]  Executed endpoint 'RailWayWebAPI.Controllers.StaffController.GetAllStaff (RailWayWebAPI)' 
[INF]  Request finished HTTP/1.1 GET https://localhost:7247/api/Staff application/json 73 - 200 - application/json;+charset=utf-8 813.2181ms 
[INF]  Request starting HTTP/1.1 GET https://localhost:7247/api/Staff/getbyid application/json 34 
[INF]  Request finished HTTP/1.1 GET https://localhost:7247/api/Staff/getbyid application/json 34 - 404 0 - 5.6617ms 
[INF]  User profile is available. Using 'C:\Users\dell\AppData\Local\ASP.NET\DataProtection-Keys' as key repository and Windows DPAPI to encrypt keys at rest. 
[INF]  Now listening on: https://localhost:7247 
[INF]  Now listening on: http://localhost:5247 
[INF]  Application started. Press Ctrl+C to shut down. 
[INF]  Hosting environment: Development 
[INF]  Content root path: C:\Users\dell\Desktop\RailWayCleanArchitecture\RailWayTractingSystem\RailWayWebAPI\ 
[INF]  Request starting HTTP/2 GET https://localhost:7247/swagger/index.html - - 
[INF]  Request finished HTTP/2 GET https://localhost:7247/swagger/index.html - - - 200 - text/html;charset=utf-8 581.8084ms 
[INF]  Request starting HTTP/2 GET https://localhost:7247/_framework/aspnetcore-browser-refresh.js - - 
[INF]  Request finished HTTP/2 GET https://localhost:7247/_framework/aspnetcore-browser-refresh.js - - - 200 11984 application/javascript;+charset=utf-8 5.0401ms 
[INF]  Request starting HTTP/2 GET https://localhost:7247/swagger/v1/swagger.json - - 
[INF]  Request finished HTTP/2 GET https://localhost:7247/swagger/v1/swagger.json - - - 200 - application/json;charset=utf-8 314.5879ms 
[INF]  Request starting HTTP/1.1 POST https://localhost:7247/api/Staff/ text/plain 73 
[INF]  Executing endpoint 'RailWayWebAPI.Controllers.StaffController.CreateStaff (RailWayWebAPI)' 
[INF]  Route matched with {action = "CreateStaff", controller = "Staff"}. Executing controller action with signature System.Threading.Tasks.Task`1[Microsoft.AspNetCore.Mvc.IActionResult] CreateStaff(RailWayAppLibrary.Commands.CreateStaff) on controller RailWayWebAPI.Controllers.StaffController (RailWayWebAPI). 
[INF]  Executing ObjectResult, writing value of type 'Microsoft.AspNetCore.Mvc.ProblemDetails'. 
[INF]  Executed action RailWayWebAPI.Controllers.StaffController.CreateStaff (RailWayWebAPI) in 139.5315ms 
[INF]  Executed endpoint 'RailWayWebAPI.Controllers.StaffController.CreateStaff (RailWayWebAPI)' 
[INF]  Request finished HTTP/1.1 POST https://localhost:7247/api/Staff/ text/plain 73 - 415 - application/problem+json;+charset=utf-8 726.0170ms 
[INF]  Request starting HTTP/1.1 POST https://localhost:7247/api/Staff/login text/plain 73 
[INF]  Executing endpoint 'RailWayWebAPI.Controllers.StaffController.Login (RailWayWebAPI)' 
[INF]  Route matched with {action = "Login", controller = "Staff"}. Executing controller action with signature System.Threading.Tasks.Task`1[Microsoft.AspNetCore.Mvc.IActionResult] Login(RailWayAppLibrary.Queries.LoginStaff) on controller RailWayWebAPI.Controllers.StaffController (RailWayWebAPI). 
[INF]  Executing ObjectResult, writing value of type 'Microsoft.AspNetCore.Mvc.ProblemDetails'. 
[INF]  Executed action RailWayWebAPI.Controllers.StaffController.Login (RailWayWebAPI) in 1.2733ms 
[INF]  Executed endpoint 'RailWayWebAPI.Controllers.StaffController.Login (RailWayWebAPI)' 
[INF]  Request finished HTTP/1.1 POST https://localhost:7247/api/Staff/login text/plain 73 - 415 - application/problem+json;+charset=utf-8 17.2730ms 
[INF]  Request starting HTTP/1.1 POST https://localhost:7247/api/Staff/login application/json 73 
[INF]  Executing endpoint 'RailWayWebAPI.Controllers.StaffController.Login (RailWayWebAPI)' 
[INF]  Route matched with {action = "Login", controller = "Staff"}. Executing controller action with signature System.Threading.Tasks.Task`1[Microsoft.AspNetCore.Mvc.IActionResult] Login(RailWayAppLibrary.Queries.LoginStaff) on controller RailWayWebAPI.Controllers.StaffController (RailWayWebAPI). 
[WRN]  No store type was specified for the decimal property 'Amount' on entity type 'Payment'. This will cause values to be silently truncated if they do not fit in the default precision and scale. Explicitly specify the SQL server column type that can accommodate all the values in 'OnModelCreating' using 'HasColumnType', specify precision and scale using 'HasPrecision', or configure a value converter using 'HasConversion'. 
[WRN]  No store type was specified for the decimal property 'Amount' on entity type 'Station'. This will cause values to be silently truncated if they do not fit in the default precision and scale. Explicitly specify the SQL server column type that can accommodate all the values in 'OnModelCreating' using 'HasColumnType', specify precision and scale using 'HasPrecision', or configure a value converter using 'HasConversion'. 
[INF]  Entity Framework Core 6.0.5 initialized 'RailWayDbContext' using provider 'Microsoft.EntityFrameworkCore.SqlServer:6.0.5' with options: None 
[INF]  Executed DbCommand (89ms) [Parameters=[@__email_0='?' (Size = 4000)], CommandType='"Text"', CommandTimeout='30']
SELECT TOP(1) [s].[Id], [s].[Address], [s].[CreatedDate], [s].[Email], [s].[Gender], [s].[IsLock], [s].[LastLogin], [s].[LastModifiedDate], [s].[NTry], [s].[Name], [s].[PasswordHash], [s].[PasswordSalt], [s].[PhoneNo], [s].[Role], [s].[StaffId]
FROM [Staffs] AS [s]
WHERE [s].[Email] = @__email_0 
[INF]  Executing OkObjectResult, writing value of type 'System.String'. 
[INF]  Executed action RailWayWebAPI.Controllers.StaffController.Login (RailWayWebAPI) in 2791.1108ms 
[INF]  Executed endpoint 'RailWayWebAPI.Controllers.StaffController.Login (RailWayWebAPI)' 
[INF]  Request finished HTTP/1.1 POST https://localhost:7247/api/Staff/login application/json 73 - 200 - text/plain;+charset=utf-8 2829.1708ms 
[INF]  Request starting HTTP/1.1 POST https://localhost:7247/api/Staff/login application/json 73 
[INF]  Executing endpoint 'RailWayWebAPI.Controllers.StaffController.Login (RailWayWebAPI)' 
[INF]  Route matched with {action = "Login", controller = "Staff"}. Executing controller action with signature System.Threading.Tasks.Task`1[Microsoft.AspNetCore.Mvc.IActionResult] Login(RailWayAppLibrary.Queries.LoginStaff) on controller RailWayWebAPI.Controllers.StaffController (RailWayWebAPI). 
[INF]  Entity Framework Core 6.0.5 initialized 'RailWayDbContext' using provider 'Microsoft.EntityFrameworkCore.SqlServer:6.0.5' with options: None 
[INF]  Executed DbCommand (2ms) [Parameters=[@__email_0='?' (Size = 4000)], CommandType='"Text"', CommandTimeout='30']
SELECT TOP(1) [s].[Id], [s].[Address], [s].[CreatedDate], [s].[Email], [s].[Gender], [s].[IsLock], [s].[LastLogin], [s].[LastModifiedDate], [s].[NTry], [s].[Name], [s].[PasswordHash], [s].[PasswordSalt], [s].[PhoneNo], [s].[Role], [s].[StaffId]
FROM [Staffs] AS [s]
WHERE [s].[Email] = @__email_0 
[INF]  Executing OkObjectResult, writing value of type 'System.String'. 
[INF]  Executed action RailWayWebAPI.Controllers.StaffController.Login (RailWayWebAPI) in 58.496ms 
[INF]  Executed endpoint 'RailWayWebAPI.Controllers.StaffController.Login (RailWayWebAPI)' 
[INF]  Request finished HTTP/1.1 POST https://localhost:7247/api/Staff/login application/json 73 - 200 - text/plain;+charset=utf-8 59.4148ms 
[INF]  Request starting HTTP/1.1 GET https://localhost:7247/api/Staff/ application/json 73 
[INF]  Executing endpoint 'RailWayWebAPI.Controllers.StaffController.GetAllStaff (RailWayWebAPI)' 
[INF]  Route matched with {action = "GetAllStaff", controller = "Staff"}. Executing controller action with signature System.Threading.Tasks.Task`1[Microsoft.AspNetCore.Mvc.IActionResult] GetAllStaff() on controller RailWayWebAPI.Controllers.StaffController (RailWayWebAPI). 
[INF]  Entity Framework Core 6.0.5 initialized 'RailWayDbContext' using provider 'Microsoft.EntityFrameworkCore.SqlServer:6.0.5' with options: None 
[INF]  Executed DbCommand (19ms) [Parameters=[], CommandType='"Text"', CommandTimeout='30']
SELECT [s].[Id], [s].[Address], [s].[CreatedDate], [s].[Email], [s].[Gender], [s].[IsLock], [s].[LastLogin], [s].[LastModifiedDate], [s].[NTry], [s].[Name], [s].[PasswordHash], [s].[PasswordSalt], [s].[PhoneNo], [s].[Role], [s].[StaffId]
FROM [Staffs] AS [s] 
[INF]  Executing OkObjectResult, writing value of type 'System.Collections.Generic.List`1[[RailWayAppLibrary.Response.StaffResponse, RailWayAppLibrary, Version=1.0.0.0, Culture=neutral, PublicKeyToken=null]]'. 
[INF]  Executed action RailWayWebAPI.Controllers.StaffController.GetAllStaff (RailWayWebAPI) in 115.4471ms 
[INF]  Executed endpoint 'RailWayWebAPI.Controllers.StaffController.GetAllStaff (RailWayWebAPI)' 
[INF]  Request finished HTTP/1.1 GET https://localhost:7247/api/Staff/ application/json 73 - 200 - application/json;+charset=utf-8 124.5113ms 
[INF]  Request starting HTTP/1.1 GET https://localhost:7247/api/Staff/GetTopN application/json 25 
[INF]  Request finished HTTP/1.1 GET https://localhost:7247/api/Staff/GetTopN application/json 25 - 404 0 - 1.8687ms 
[INF]  Request starting HTTP/1.1 GET https://localhost:7247/api/Staff/GetTopN application/json 25 
[INF]  Request finished HTTP/1.1 GET https://localhost:7247/api/Staff/GetTopN application/json 25 - 404 0 - 0.6610ms 
[INF]  Request starting HTTP/1.1 GET https://localhost:7247/api/Staff/GetTopN application/json 73 
[INF]  Request finished HTTP/1.1 GET https://localhost:7247/api/Staff/GetTopN application/json 73 - 404 0 - 9.5028ms 
